package configuration for libffi is not found
have_header: checking for ffi.h... -------------------- no

LD_LIBRARY_PATH=.:/nix/store/d3mglw6m4ikwf7aw0rxz3abj5cv176ha-ruby-3.1.4/lib "gcc -o conftest -I/nix/store/d3mglw6m4ikwf7aw0rxz3abj5cv176ha-ruby-3.1.4/include/ruby-3.1.0/x86_64-linux -I/nix/store/d3mglw6m4ikwf7aw0rxz3abj5cv176ha-ruby-3.1.4/include/ruby-3.1.0/ruby/backward -I/nix/store/d3mglw6m4ikwf7aw0rxz3abj5cv176ha-ruby-3.1.4/include/ruby-3.1.0 -I.    -O3 -fPIC conftest.c  -L. -L/nix/store/d3mglw6m4ikwf7aw0rxz3abj5cv176ha-ruby-3.1.4/lib -Wl,-rpath,/nix/store/d3mglw6m4ikwf7aw0rxz3abj5cv176ha-ruby-3.1.4/lib -L. -fstack-protector-strong -rdynamic -Wl,-export-dynamic -Wl,--no-as-needed     -Wl,-rpath,/nix/store/d3mglw6m4ikwf7aw0rxz3abj5cv176ha-ruby-3.1.4/lib -L/nix/store/d3mglw6m4ikwf7aw0rxz3abj5cv176ha-ruby-3.1.4/lib -lruby-3.1.4  -lm  -lc"
checked program was:
/* begin */
1: #include "ruby.h"
2: 
3: int main(int argc, char **argv)
4: {
5:   return !!argv[argc];
6: }
/* end */

LD_LIBRARY_PATH=.:/nix/store/d3mglw6m4ikwf7aw0rxz3abj5cv176ha-ruby-3.1.4/lib "gcc -I/nix/store/d3mglw6m4ikwf7aw0rxz3abj5cv176ha-ruby-3.1.4/include/ruby-3.1.0/x86_64-linux -I/nix/store/d3mglw6m4ikwf7aw0rxz3abj5cv176ha-ruby-3.1.4/include/ruby-3.1.0/ruby/backward -I/nix/store/d3mglw6m4ikwf7aw0rxz3abj5cv176ha-ruby-3.1.4/include/ruby-3.1.0 -I.    -O3 -fPIC   -c conftest.c"
conftest.c:3:10: fatal error: ffi.h: No such file or directory
    3 | #include <ffi.h>
      |          ^~~~~~~
compilation terminated.
checked program was:
/* begin */
1: #include "ruby.h"
2: 
3: #include <ffi.h>
/* end */

--------------------

find_header: checking for ffi.h in /usr/local/include,/usr/include/ffi,/Library/Developer/CommandLineTools/SDKs/MacOSX.sdk/usr/include/ffi,/Applications/Xcode.app/Contents/Developer/Platforms/MacOSX.platform/Developer/SDKs/MacOSX.sdk/usr/include/ffi... -------------------- no

LD_LIBRARY_PATH=.:/nix/store/d3mglw6m4ikwf7aw0rxz3abj5cv176ha-ruby-3.1.4/lib "gcc -I/nix/store/d3mglw6m4ikwf7aw0rxz3abj5cv176ha-ruby-3.1.4/include/ruby-3.1.0/x86_64-linux -I/nix/store/d3mglw6m4ikwf7aw0rxz3abj5cv176ha-ruby-3.1.4/include/ruby-3.1.0/ruby/backward -I/nix/store/d3mglw6m4ikwf7aw0rxz3abj5cv176ha-ruby-3.1.4/include/ruby-3.1.0 -I.    -O3 -fPIC   -c conftest.c"
conftest.c:3:10: fatal error: ffi.h: No such file or directory
    3 | #include <ffi.h>
      |          ^~~~~~~
compilation terminated.
checked program was:
/* begin */
1: #include "ruby.h"
2: 
3: #include <ffi.h>
/* end */

LD_LIBRARY_PATH=.:/nix/store/d3mglw6m4ikwf7aw0rxz3abj5cv176ha-ruby-3.1.4/lib "gcc -I/nix/store/d3mglw6m4ikwf7aw0rxz3abj5cv176ha-ruby-3.1.4/include/ruby-3.1.0/x86_64-linux -I/nix/store/d3mglw6m4ikwf7aw0rxz3abj5cv176ha-ruby-3.1.4/include/ruby-3.1.0/ruby/backward -I/nix/store/d3mglw6m4ikwf7aw0rxz3abj5cv176ha-ruby-3.1.4/include/ruby-3.1.0 -I.    -O3 -fPIC  -I/usr/local/include -c conftest.c"
conftest.c:3:10: fatal error: ffi.h: No such file or directory
    3 | #include <ffi.h>
      |          ^~~~~~~
compilation terminated.
checked program was:
/* begin */
1: #include "ruby.h"
2: 
3: #include <ffi.h>
/* end */

LD_LIBRARY_PATH=.:/nix/store/d3mglw6m4ikwf7aw0rxz3abj5cv176ha-ruby-3.1.4/lib "gcc -I/nix/store/d3mglw6m4ikwf7aw0rxz3abj5cv176ha-ruby-3.1.4/include/ruby-3.1.0/x86_64-linux -I/nix/store/d3mglw6m4ikwf7aw0rxz3abj5cv176ha-ruby-3.1.4/include/ruby-3.1.0/ruby/backward -I/nix/store/d3mglw6m4ikwf7aw0rxz3abj5cv176ha-ruby-3.1.4/include/ruby-3.1.0 -I.    -O3 -fPIC  -I/usr/include/ffi -c conftest.c"
conftest.c:3:10: fatal error: ffi.h: No such file or directory
    3 | #include <ffi.h>
      |          ^~~~~~~
compilation terminated.
checked program was:
/* begin */
1: #include "ruby.h"
2: 
3: #include <ffi.h>
/* end */

LD_LIBRARY_PATH=.:/nix/store/d3mglw6m4ikwf7aw0rxz3abj5cv176ha-ruby-3.1.4/lib "gcc -I/nix/store/d3mglw6m4ikwf7aw0rxz3abj5cv176ha-ruby-3.1.4/include/ruby-3.1.0/x86_64-linux -I/nix/store/d3mglw6m4ikwf7aw0rxz3abj5cv176ha-ruby-3.1.4/include/ruby-3.1.0/ruby/backward -I/nix/store/d3mglw6m4ikwf7aw0rxz3abj5cv176ha-ruby-3.1.4/include/ruby-3.1.0 -I.    -O3 -fPIC  -I/Library/Developer/CommandLineTools/SDKs/MacOSX.sdk/usr/include/ffi -c conftest.c"
conftest.c:3:10: fatal error: ffi.h: No such file or directory
    3 | #include <ffi.h>
      |          ^~~~~~~
compilation terminated.
checked program was:
/* begin */
1: #include "ruby.h"
2: 
3: #include <ffi.h>
/* end */

LD_LIBRARY_PATH=.:/nix/store/d3mglw6m4ikwf7aw0rxz3abj5cv176ha-ruby-3.1.4/lib "gcc -I/nix/store/d3mglw6m4ikwf7aw0rxz3abj5cv176ha-ruby-3.1.4/include/ruby-3.1.0/x86_64-linux -I/nix/store/d3mglw6m4ikwf7aw0rxz3abj5cv176ha-ruby-3.1.4/include/ruby-3.1.0/ruby/backward -I/nix/store/d3mglw6m4ikwf7aw0rxz3abj5cv176ha-ruby-3.1.4/include/ruby-3.1.0 -I.    -O3 -fPIC  -I/Applications/Xcode.app/Contents/Developer/Platforms/MacOSX.platform/Developer/SDKs/MacOSX.sdk/usr/include/ffi -c conftest.c"
conftest.c:3:10: fatal error: ffi.h: No such file or directory
    3 | #include <ffi.h>
      |          ^~~~~~~
compilation terminated.
checked program was:
/* begin */
1: #include "ruby.h"
2: 
3: #include <ffi.h>
/* end */

--------------------

block in append_ldflags: checking for whether -Wl,--exclude-libs,ALL is accepted as LDFLAGS... -------------------- yes

LD_LIBRARY_PATH=.:/nix/store/d3mglw6m4ikwf7aw0rxz3abj5cv176ha-ruby-3.1.4/lib "gcc -o conftest -I/nix/store/d3mglw6m4ikwf7aw0rxz3abj5cv176ha-ruby-3.1.4/include/ruby-3.1.0/x86_64-linux -I/nix/store/d3mglw6m4ikwf7aw0rxz3abj5cv176ha-ruby-3.1.4/include/ruby-3.1.0/ruby/backward -I/nix/store/d3mglw6m4ikwf7aw0rxz3abj5cv176ha-ruby-3.1.4/include/ruby-3.1.0 -I.    -O3 -fPIC conftest.c  -L. -L/nix/store/d3mglw6m4ikwf7aw0rxz3abj5cv176ha-ruby-3.1.4/lib -Wl,-rpath,/nix/store/d3mglw6m4ikwf7aw0rxz3abj5cv176ha-ruby-3.1.4/lib -L. -fstack-protector-strong -rdynamic -Wl,-export-dynamic -Wl,--no-as-needed     -Wl,-rpath,/nix/store/d3mglw6m4ikwf7aw0rxz3abj5cv176ha-ruby-3.1.4/lib -L/nix/store/d3mglw6m4ikwf7aw0rxz3abj5cv176ha-ruby-3.1.4/lib -lruby-3.1.4 -Wl,--exclude-libs,ALL -lm  -lc"
checked program was:
/* begin */
1: #include "ruby.h"
2: 
3: int main(int argc, char **argv)
4: {
5:   return !!argv[argc];
6: }
/* end */

--------------------

block in append_ldflags: checking for whether -pthread is accepted as LDFLAGS... -------------------- yes

LD_LIBRARY_PATH=.:/nix/store/d3mglw6m4ikwf7aw0rxz3abj5cv176ha-ruby-3.1.4/lib "gcc -o conftest -I/nix/store/d3mglw6m4ikwf7aw0rxz3abj5cv176ha-ruby-3.1.4/include/ruby-3.1.0/x86_64-linux -I/nix/store/d3mglw6m4ikwf7aw0rxz3abj5cv176ha-ruby-3.1.4/include/ruby-3.1.0/ruby/backward -I/nix/store/d3mglw6m4ikwf7aw0rxz3abj5cv176ha-ruby-3.1.4/include/ruby-3.1.0 -I.    -O3 -fPIC conftest.c  -L. -L/nix/store/d3mglw6m4ikwf7aw0rxz3abj5cv176ha-ruby-3.1.4/lib -Wl,-rpath,/nix/store/d3mglw6m4ikwf7aw0rxz3abj5cv176ha-ruby-3.1.4/lib -L. -fstack-protector-strong -rdynamic -Wl,-export-dynamic -Wl,--no-as-needed -Wl,--exclude-libs,ALL     -Wl,-rpath,/nix/store/d3mglw6m4ikwf7aw0rxz3abj5cv176ha-ruby-3.1.4/lib -L/nix/store/d3mglw6m4ikwf7aw0rxz3abj5cv176ha-ruby-3.1.4/lib -lruby-3.1.4 -pthread -lm  -lc"
checked program was:
/* begin */
1: #include "ruby.h"
2: 
3: int main(int argc, char **argv)
4: {
5:   return !!argv[argc];
6: }
/* end */

--------------------

extconf.h is:
/* begin */
1: #ifndef EXTCONF_H
2: #define EXTCONF_H
3: #define HAVE_FFI_PREP_CIF_VAR 1
4: #define USE_INTERNAL_LIBFFI 1
5: #endif
/* end */

